<?xml version="1.0" encoding="UTF-8"?>
<robot generator="Robot 3.2.1 (Python 3.8.5 on win32)" generated="20200727 22:12:13.781" rpa="false">
<suite id="s1" name="loginForm" source="C:\Users\Yasmin\Desktop\CursoRobot\Tests\loginForm.robot">
<test id="s1-t1" name="Fazendo login com css">
<kw name="Nova sessão" library="base" type="setup">
<kw name="Open Browser" library="SeleniumLibrary">
<doc>Opens a new browser instance to the optional ``url``.</doc>
<arguments>
<arg>${url}</arg>
<arg>chrome</arg>
</arguments>
<msg timestamp="20200727 22:12:14.633" level="INFO">Opening browser 'chrome' to base url 'https://training-wheels-protocol.herokuapp.com/'.</msg>
<status status="PASS" starttime="20200727 22:12:14.633" endtime="20200727 22:12:22.673"></status>
</kw>
<status status="PASS" starttime="20200727 22:12:14.633" endtime="20200727 22:12:22.674"></status>
</kw>
<kw name="Go To" library="SeleniumLibrary">
<doc>Navigates the current browser window to the provided ``url``.</doc>
<arguments>
<arg>${url}login</arg>
</arguments>
<msg timestamp="20200727 22:12:22.678" level="INFO">Opening url 'https://training-wheels-protocol.herokuapp.com/login'</msg>
<status status="PASS" starttime="20200727 22:12:22.676" endtime="20200727 22:12:23.655"></status>
</kw>
<kw name="Login With">
<arguments>
<arg>stark</arg>
<arg>jarvis!</arg>
</arguments>
<kw name="Input Text" library="SeleniumLibrary">
<doc>Types the given ``text`` into the text field identified by ``locator``.</doc>
<arguments>
<arg>css:input[name=username]</arg>
<arg>${uname}</arg>
</arguments>
<msg timestamp="20200727 22:12:23.663" level="INFO">Typing text 'stark' into text field 'css:input[name=username]'.</msg>
<status status="PASS" starttime="20200727 22:12:23.661" endtime="20200727 22:12:23.938"></status>
</kw>
<kw name="Input Text" library="SeleniumLibrary">
<doc>Types the given ``text`` into the text field identified by ``locator``.</doc>
<arguments>
<arg>css:input[name=password]</arg>
<arg>${pass}</arg>
</arguments>
<msg timestamp="20200727 22:12:23.940" level="INFO">Typing text 'jarvis!' into text field 'css:input[name=password]'.</msg>
<status status="PASS" starttime="20200727 22:12:23.939" endtime="20200727 22:12:24.246"></status>
</kw>
<kw name="Click Element" library="SeleniumLibrary">
<doc>Click the element identified by ``locator``.</doc>
<arguments>
<arg>class:btn-login</arg>
</arguments>
<msg timestamp="20200727 22:12:24.248" level="INFO">Clicking element 'class:btn-login'.</msg>
<status status="PASS" starttime="20200727 22:12:24.247" endtime="20200727 22:12:25.099"></status>
</kw>
<status status="PASS" starttime="20200727 22:12:23.659" endtime="20200727 22:12:25.099"></status>
</kw>
<kw name="Should Contain Login Alert">
<arguments>
<arg>Olá, Tony Stark. Você acessou a área logada!</arg>
</arguments>
<kw name="Get WebElement" library="SeleniumLibrary">
<doc>Returns the first WebElement matching the given ``locator``.</doc>
<arguments>
<arg>id:flash</arg>
</arguments>
<assign>
<var>${message}</var>
</assign>
<msg timestamp="20200727 22:12:25.153" level="INFO">${message} = &lt;selenium.webdriver.remote.webelement.WebElement (session="035af230c6fffdf052cd65754f95d44e", element="43652bb6-4d18-489d-a900-b2e4aa5a8fe7")&gt;</msg>
<status status="PASS" starttime="20200727 22:12:25.102" endtime="20200727 22:12:25.153"></status>
</kw>
<kw name="Should Contain" library="BuiltIn">
<doc>Fails if ``container`` does not contain ``item`` one or more times.</doc>
<arguments>
<arg>${message.text}</arg>
<arg>${expect_message}</arg>
</arguments>
<status status="PASS" starttime="20200727 22:12:25.153" endtime="20200727 22:12:25.215"></status>
</kw>
<status status="PASS" starttime="20200727 22:12:25.100" endtime="20200727 22:12:25.215"></status>
</kw>
<kw name="Encerra sessão" library="base" type="teardown">
<kw name="Capture Page Screenshot" library="SeleniumLibrary">
<doc>Takes a screenshot of the current page and embeds it into a log file.</doc>
<msg timestamp="20200727 22:12:25.812" level="INFO" html="yes">&lt;/td&gt;&lt;/tr&gt;&lt;tr&gt;&lt;td colspan="3"&gt;&lt;a href="selenium-screenshot-21.png"&gt;&lt;img src="selenium-screenshot-21.png" width="800px"&gt;&lt;/a&gt;</msg>
<status status="PASS" starttime="20200727 22:12:25.218" endtime="20200727 22:12:25.812"></status>
</kw>
<kw name="Close Browser" library="SeleniumLibrary">
<doc>Closes the current browser.</doc>
<status status="PASS" starttime="20200727 22:12:25.812" endtime="20200727 22:12:28.805"></status>
</kw>
<status status="PASS" starttime="20200727 22:12:25.217" endtime="20200727 22:12:28.805"></status>
</kw>
<status status="PASS" starttime="20200727 22:12:14.633" endtime="20200727 22:12:28.805" critical="yes"></status>
</test>
<test id="s1-t2" name="Cenario senha invalida">
<kw name="Nova sessão" library="base" type="setup">
<kw name="Open Browser" library="SeleniumLibrary">
<doc>Opens a new browser instance to the optional ``url``.</doc>
<arguments>
<arg>${url}</arg>
<arg>chrome</arg>
</arguments>
<msg timestamp="20200727 22:12:28.805" level="INFO">Opening browser 'chrome' to base url 'https://training-wheels-protocol.herokuapp.com/'.</msg>
<status status="PASS" starttime="20200727 22:12:28.805" endtime="20200727 22:12:38.520"></status>
</kw>
<status status="PASS" starttime="20200727 22:12:28.805" endtime="20200727 22:12:38.521"></status>
</kw>
<kw name="Go To" library="SeleniumLibrary">
<doc>Navigates the current browser window to the provided ``url``.</doc>
<arguments>
<arg>${url}login</arg>
</arguments>
<msg timestamp="20200727 22:12:38.524" level="INFO">Opening url 'https://training-wheels-protocol.herokuapp.com/login'</msg>
<status status="PASS" starttime="20200727 22:12:38.523" endtime="20200727 22:12:39.649"></status>
</kw>
<kw name="Login With">
<arguments>
<arg>stark</arg>
<arg>abc123</arg>
</arguments>
<kw name="Input Text" library="SeleniumLibrary">
<doc>Types the given ``text`` into the text field identified by ``locator``.</doc>
<arguments>
<arg>css:input[name=username]</arg>
<arg>${uname}</arg>
</arguments>
<msg timestamp="20200727 22:12:39.654" level="INFO">Typing text 'stark' into text field 'css:input[name=username]'.</msg>
<status status="PASS" starttime="20200727 22:12:39.653" endtime="20200727 22:12:40.154"></status>
</kw>
<kw name="Input Text" library="SeleniumLibrary">
<doc>Types the given ``text`` into the text field identified by ``locator``.</doc>
<arguments>
<arg>css:input[name=password]</arg>
<arg>${pass}</arg>
</arguments>
<msg timestamp="20200727 22:12:40.156" level="INFO">Typing text 'abc123' into text field 'css:input[name=password]'.</msg>
<status status="PASS" starttime="20200727 22:12:40.155" endtime="20200727 22:12:40.477"></status>
</kw>
<kw name="Click Element" library="SeleniumLibrary">
<doc>Click the element identified by ``locator``.</doc>
<arguments>
<arg>class:btn-login</arg>
</arguments>
<msg timestamp="20200727 22:12:40.478" level="INFO">Clicking element 'class:btn-login'.</msg>
<status status="PASS" starttime="20200727 22:12:40.477" endtime="20200727 22:12:41.511"></status>
</kw>
<status status="PASS" starttime="20200727 22:12:39.651" endtime="20200727 22:12:41.513"></status>
</kw>
<kw name="Should Contain Login Alert">
<arguments>
<arg>Senha é invalida!</arg>
</arguments>
<kw name="Get WebElement" library="SeleniumLibrary">
<doc>Returns the first WebElement matching the given ``locator``.</doc>
<arguments>
<arg>id:flash</arg>
</arguments>
<assign>
<var>${message}</var>
</assign>
<msg timestamp="20200727 22:12:41.588" level="INFO">${message} = &lt;selenium.webdriver.remote.webelement.WebElement (session="efdd37a0fa06181b7db3589b00b57d2a", element="15e8ee53-6514-4015-a978-0026fb850f5d")&gt;</msg>
<status status="PASS" starttime="20200727 22:12:41.517" endtime="20200727 22:12:41.588"></status>
</kw>
<kw name="Should Contain" library="BuiltIn">
<doc>Fails if ``container`` does not contain ``item`` one or more times.</doc>
<arguments>
<arg>${message.text}</arg>
<arg>${expect_message}</arg>
</arguments>
<status status="PASS" starttime="20200727 22:12:41.589" endtime="20200727 22:12:41.653"></status>
</kw>
<status status="PASS" starttime="20200727 22:12:41.515" endtime="20200727 22:12:41.654"></status>
</kw>
<kw name="Encerra sessão" library="base" type="teardown">
<kw name="Capture Page Screenshot" library="SeleniumLibrary">
<doc>Takes a screenshot of the current page and embeds it into a log file.</doc>
<msg timestamp="20200727 22:12:42.235" level="INFO" html="yes">&lt;/td&gt;&lt;/tr&gt;&lt;tr&gt;&lt;td colspan="3"&gt;&lt;a href="selenium-screenshot-22.png"&gt;&lt;img src="selenium-screenshot-22.png" width="800px"&gt;&lt;/a&gt;</msg>
<status status="PASS" starttime="20200727 22:12:41.659" endtime="20200727 22:12:42.235"></status>
</kw>
<kw name="Close Browser" library="SeleniumLibrary">
<doc>Closes the current browser.</doc>
<status status="PASS" starttime="20200727 22:12:42.235" endtime="20200727 22:12:45.653"></status>
</kw>
<status status="PASS" starttime="20200727 22:12:41.657" endtime="20200727 22:12:45.653"></status>
</kw>
<tags>
<tag>login_error</tag>
</tags>
<status status="PASS" starttime="20200727 22:12:28.805" endtime="20200727 22:12:45.653" critical="yes"></status>
</test>
<test id="s1-t3" name="Usuario não existe">
<kw name="Nova sessão" library="base" type="setup">
<kw name="Open Browser" library="SeleniumLibrary">
<doc>Opens a new browser instance to the optional ``url``.</doc>
<arguments>
<arg>${url}</arg>
<arg>chrome</arg>
</arguments>
<msg timestamp="20200727 22:12:45.653" level="INFO">Opening browser 'chrome' to base url 'https://training-wheels-protocol.herokuapp.com/'.</msg>
<status status="PASS" starttime="20200727 22:12:45.653" endtime="20200727 22:12:54.319"></status>
</kw>
<status status="PASS" starttime="20200727 22:12:45.653" endtime="20200727 22:12:54.321"></status>
</kw>
<kw name="Go To" library="SeleniumLibrary">
<doc>Navigates the current browser window to the provided ``url``.</doc>
<arguments>
<arg>${url}login</arg>
</arguments>
<msg timestamp="20200727 22:12:54.326" level="INFO">Opening url 'https://training-wheels-protocol.herokuapp.com/login'</msg>
<status status="PASS" starttime="20200727 22:12:54.324" endtime="20200727 22:12:55.419"></status>
</kw>
<kw name="Login With">
<arguments>
<arg>julia</arg>
<arg>123456</arg>
</arguments>
<kw name="Input Text" library="SeleniumLibrary">
<doc>Types the given ``text`` into the text field identified by ``locator``.</doc>
<arguments>
<arg>css:input[name=username]</arg>
<arg>${uname}</arg>
</arguments>
<msg timestamp="20200727 22:12:55.426" level="INFO">Typing text 'julia' into text field 'css:input[name=username]'.</msg>
<status status="PASS" starttime="20200727 22:12:55.424" endtime="20200727 22:12:55.827"></status>
</kw>
<kw name="Input Text" library="SeleniumLibrary">
<doc>Types the given ``text`` into the text field identified by ``locator``.</doc>
<arguments>
<arg>css:input[name=password]</arg>
<arg>${pass}</arg>
</arguments>
<msg timestamp="20200727 22:12:55.829" level="INFO">Typing text '123456' into text field 'css:input[name=password]'.</msg>
<status status="PASS" starttime="20200727 22:12:55.828" endtime="20200727 22:12:56.169"></status>
</kw>
<kw name="Click Element" library="SeleniumLibrary">
<doc>Click the element identified by ``locator``.</doc>
<arguments>
<arg>class:btn-login</arg>
</arguments>
<msg timestamp="20200727 22:12:56.170" level="INFO">Clicking element 'class:btn-login'.</msg>
<status status="PASS" starttime="20200727 22:12:56.170" endtime="20200727 22:12:57.180"></status>
</kw>
<status status="PASS" starttime="20200727 22:12:55.422" endtime="20200727 22:12:57.181"></status>
</kw>
<kw name="Should Contain Login Alert">
<arguments>
<arg>O usuário informado não está cadastrado!</arg>
</arguments>
<kw name="Get WebElement" library="SeleniumLibrary">
<doc>Returns the first WebElement matching the given ``locator``.</doc>
<arguments>
<arg>id:flash</arg>
</arguments>
<assign>
<var>${message}</var>
</assign>
<msg timestamp="20200727 22:12:57.234" level="INFO">${message} = &lt;selenium.webdriver.remote.webelement.WebElement (session="edcf2252264b916409a6b744508748be", element="1f49fe22-c529-4712-86d4-a4c53e216019")&gt;</msg>
<status status="PASS" starttime="20200727 22:12:57.185" endtime="20200727 22:12:57.234"></status>
</kw>
<kw name="Should Contain" library="BuiltIn">
<doc>Fails if ``container`` does not contain ``item`` one or more times.</doc>
<arguments>
<arg>${message.text}</arg>
<arg>${expect_message}</arg>
</arguments>
<status status="PASS" starttime="20200727 22:12:57.235" endtime="20200727 22:12:57.302"></status>
</kw>
<status status="PASS" starttime="20200727 22:12:57.182" endtime="20200727 22:12:57.303"></status>
</kw>
<kw name="Encerra sessão" library="base" type="teardown">
<kw name="Capture Page Screenshot" library="SeleniumLibrary">
<doc>Takes a screenshot of the current page and embeds it into a log file.</doc>
<msg timestamp="20200727 22:12:57.870" level="INFO" html="yes">&lt;/td&gt;&lt;/tr&gt;&lt;tr&gt;&lt;td colspan="3"&gt;&lt;a href="selenium-screenshot-23.png"&gt;&lt;img src="selenium-screenshot-23.png" width="800px"&gt;&lt;/a&gt;</msg>
<status status="PASS" starttime="20200727 22:12:57.308" endtime="20200727 22:12:57.870"></status>
</kw>
<kw name="Close Browser" library="SeleniumLibrary">
<doc>Closes the current browser.</doc>
<status status="PASS" starttime="20200727 22:12:57.870" endtime="20200727 22:13:02.909"></status>
</kw>
<status status="PASS" starttime="20200727 22:12:57.305" endtime="20200727 22:13:02.909"></status>
</kw>
<tags>
<tag>login_user404</tag>
</tags>
<status status="PASS" starttime="20200727 22:12:45.653" endtime="20200727 22:13:02.909" critical="yes"></status>
</test>
<status status="PASS" starttime="20200727 22:12:13.796" endtime="20200727 22:13:02.913"></status>
</suite>
<statistics>
<total>
<stat pass="3" fail="0">Critical Tests</stat>
<stat pass="3" fail="0">All Tests</stat>
</total>
<tag>
<stat pass="1" fail="0">login_error</stat>
<stat pass="1" fail="0">login_user404</stat>
</tag>
<suite>
<stat pass="3" fail="0" id="s1" name="loginForm">loginForm</stat>
</suite>
</statistics>
<errors>
</errors>
</robot>
